\BOOKMARK [1][-]{section.1}{\376\377\000N\000e\000V\000A\000E}{}% 1
\BOOKMARK [2][-]{subsection.1.1}{\376\377\000E\000n\000c\000o\000d\000e\000r}{section.1}% 2
\BOOKMARK [2][-]{subsection.1.2}{\376\377\000D\000e\000c\000o\000d\000e\000r}{section.1}% 3
\BOOKMARK [2][-]{subsection.1.3}{\376\377\000T\000r\000a\000i\000n\000i\000n\000g}{section.1}% 4
\BOOKMARK [2][-]{subsection.1.4}{\376\377\000P\000r\000o\000p\000e\000r\000t\000y\000\040\000O\000r\000i\000e\000n\000t\000e\000d\000\040\000M\000o\000l\000.\000\040\000G\000e\000n\000.}{section.1}% 5
\BOOKMARK [1][-]{section.2}{\376\377\000S\000e\000m\000i\000n\000a\000r\000\040\000o\000n\000\040\000S\000e\000l\000f\000/\000U\000n\000-\000S\000u\000p\000e\000r\000v\000i\000s\000e\000d\000\040\000L\000e\000a\000r\000n\000i\000n\000g\000\040\000@\000\040\0002\0000\0002\0000\000/\0009\000/\0001\0006}{}% 6
\BOOKMARK [2][-]{subsection.2.1}{\376\377\000S\000e\000l\000f\000-\000L\000e\000a\000r\000n\000i\000n\000g\000\040\000@\000\040\000V\000i\000d\000e\000o\000\040\000L\000e\000a\000r\000n\000i\000n\000g}{section.2}% 7
\BOOKMARK [2][-]{subsection.2.2}{\376\377\000T\000r\000a\000n\000s\000f\000o\000r\000m\000a\000t\000i\000o\000n\000\040\000E\000q\000u\000i\000v\000a\000r\000i\000a\000n\000c\000e\000\040\000v\000s\000.\000\040\000I\000n\000v\000a\000r\000i\000a\000n\000c\000e\000\040\000@\000\040\000V\000i\000s\000i\000a\000l\000\040\000R\000e\000p\000r\000.\000\040\000L\000e\000a\000r\000n\000i\000n\000g}{section.2}% 8
\BOOKMARK [1][-]{section.3}{\376\377\000A\000E\000T\000,\000\040\000A\000V\000T\000:\000\040\000A\000u\000t\000o\000e\000n\000c\000o\000d\000i\000n\000g\000\040\000T\000r\000a\000n\000s\000f\000o\000r\000m\000a\000t\000i\000o\000n\000s}{}% 9
\BOOKMARK [1][-]{section.4}{\376\377\000F\000l\000o\000w\000-\000B\000a\000s\000e\000d\000\040\000G\000e\000n\000e\000r\000a\000t\000i\000v\000e\000\040\000M\000o\000d\000e\000l\000s}{}% 10
\BOOKMARK [2][-]{subsection.4.1}{\376\377\000O\000u\000t\000l\000i\000n\000e\000\040\000\046\000\040\000B\000a\000s\000i\000c\000s}{section.4}% 11
\BOOKMARK [2][-]{subsection.4.2}{\376\377\000M\000o\000F\000l\000o\000w}{section.4}% 12
\BOOKMARK [3][-]{subsubsection.4.2.1}{\376\377\000G\000C\000F\000/\000G\000r\000a\000p\000h\000\040\000C\000o\000n\000d\000i\000t\000i\000o\000n\000a\000l\000\040\000F\000l\000o\000w}{subsection.4.2}% 13
\BOOKMARK [3][-]{subsubsection.4.2.2}{\376\377\000V\000a\000l\000i\000d\000i\000t\000y\000\040\000C\000o\000r\000r\000e\000c\000t\000i\000o\000n\000\040\000\046\000\040\000M\000i\000s\000c}{subsection.4.2}% 14
\BOOKMARK [2][-]{subsection.4.3}{\376\377\000G\000r\000a\000p\000h\000N\000V\000P}{section.4}% 15
\BOOKMARK [1][-]{section.5}{\376\377\000W\000G\000A\000N}{}% 16
\BOOKMARK [1][-]{section.6}{\376\377\000G\000M\000M\000N\000+\000A\000E}{}% 17
\BOOKMARK [2][-]{subsection.6.1}{\376\377\000S\000t\000r\000u\000c\000t\000u\000r\000e\000\040\000\046\000\040\000I\000d\000e\000a}{section.6}% 18
\BOOKMARK [2][-]{subsection.6.2}{\376\377\000T\000r\000a\000i\000n\000i\000n\000g}{section.6}% 19
\BOOKMARK [1][-]{section.7}{\376\377\000F\000o\000l\000d\000i\000n\000g\000N\000e\000t\000\040\000-\000\040\000A\000n\000\040\000A\000n\000t\000o\000E\000n\000c\000o\000d\000e\000r}{}% 20
\BOOKMARK [1][-]{section.8}{\376\377\000P\000o\000i\000n\000t\000F\000l\000o\000w\000:\000\040\000F\000l\000o\000w\000-\000b\000a\000s\000e\000d\000\040\000G\000e\000n\000e\000r\000a\000t\000i\000v\000e\000\040\000M\000o\000d\000e\000l\000\040\000o\000n\000\040\000P\000o\000i\000n\000t\000\040\000C\000l\000o\000u\000d\000s}{}% 21
\BOOKMARK [2][-]{subsection.8.1}{\376\377\000C\000o\000n\000t\000i\000n\000u\000o\000u\000s\000\040\000N\000o\000r\000m\000a\000l\000i\000z\000i\000n\000g\000\040\000F\000l\000o\000w\000\050\000C\000N\000F\000\051}{section.8}% 22
\BOOKMARK [2][-]{subsection.8.2}{\376\377\000V\000a\000r\000i\000a\000t\000i\000o\000n\000a\000l\000\040\000A\000u\000t\000o\000-\000E\000n\000c\000o\000d\000e\000r}{section.8}% 23
\BOOKMARK [2][-]{subsection.8.3}{\376\377\000M\000o\000d\000e\000l}{section.8}% 24
\BOOKMARK [1][-]{section.9}{\376\377\000F\000F\000J\000O\000R\000D}{}% 25
\BOOKMARK [2][-]{subsection.9.1}{\376\377\000C\000N\000F}{section.9}% 26
\BOOKMARK [2][-]{subsection.9.2}{\376\377\000B\000a\000c\000k\000p\000r\000o\000p\000a\000g\000a\000t\000i\000o\000n\000\040\000t\000h\000r\000o\000u\000g\000h\000\040\000O\000D\000E\000\040\000S\000o\000l\000u\000t\000i\000o\000n\000s\000\040\000w\000i\000t\000h\000\040\000A\000d\000j\000o\000i\000n\000t\000\040\000M\000e\000t\000h\000o\000d}{section.9}% 27
\BOOKMARK [2][-]{subsection.9.3}{\376\377\000U\000n\000b\000i\000a\000s\000e\000d\000\040\000L\000i\000n\000e\000a\000r\000-\000T\000i\000m\000e\000\040\000L\000o\000g\000-\000D\000e\000n\000s\000i\000t\000y\000\040\000E\000s\000t\000i\000m\000a\000t\000i\000o\000n}{section.9}% 28
\BOOKMARK [1][-]{section.10}{\376\377\000D\000e\000q\000u\000a\000n\000t\000i\000z\000a\000t\000i\000o\000n\000\040\000t\000o\000\040\000L\000e\000a\000r\000n\000\040\000D\000i\000s\000c\000r\000e\000t\000e\000\040\000D\000i\000s\000t\000r\000i\000b\000u\000t\000i\000o\000n}{}% 29
\BOOKMARK [2][-]{subsection.10.1}{\376\377\000D\000e\000q\000u\000a\000n\000t\000i\000z\000a\000t\000i\000o\000n\000\040\000a\000s\000\040\000L\000a\000t\000e\000n\000t\000\040\000V\000a\000r\000i\000a\000b\000l\000e\000\040\000M\000o\000d\000e\000l}{section.10}% 30
\BOOKMARK [2][-]{subsection.10.2}{\376\377\000V\000a\000r\000i\000a\000t\000i\000o\000n\000a\000l\000\040\000D\000e\000q\000u\000a\000n\000t\000i\000z\000a\000t\000i\000o\000n}{section.10}% 31
\BOOKMARK [2][-]{subsection.10.3}{\376\377\000I\000m\000p\000o\000r\000t\000a\000n\000c\000e\000-\000W\000e\000i\000g\000h\000t\000e\000d\000\040\000D\000e\000q\000u\000a\000n\000t\000i\000z\000a\000t\000i\000o\000n}{section.10}% 32
\BOOKMARK [2][-]{subsection.10.4}{\376\377\000R\000e\000n\000y\000i\000\040\000D\000e\000q\000u\000a\000n\000t\000i\000z\000a\000t\000i\000o\000n}{section.10}% 33
\BOOKMARK [2][-]{subsection.10.5}{\376\377\000D\000e\000q\000u\000a\000n\000t\000i\000z\000a\000t\000i\000o\000n\000\040\000D\000i\000s\000t\000r\000i\000b\000u\000t\000i\000o\000n}{section.10}% 34
\BOOKMARK [2][-]{subsection.10.6}{\376\377\000\050\000C\000h\000o\000i\000c\000e\000\040\000o\000f\000\051\000\040\000C\000o\000n\000t\000i\000n\000u\000o\000u\000s\000\040\000D\000i\000s\000t\000r\000i\000b\000u\000t\000i\000o\000n}{section.10}% 35
\BOOKMARK [1][-]{section.11}{\376\377\000D\000G\000I\000:\000\040\000D\000e\000e\000p\000\040\000G\000r\000a\000p\000h\000\040\000I\000n\000f\000o\000m\000a\000x}{}% 36
\BOOKMARK [2][-]{subsection.11.1}{\376\377\000B\000a\000c\000k\000g\000r\000o\000u\000n\000d\000s\000,\000\040\000A\000p\000p\000r\000o\000a\000c\000h\000,\000\040\000M\000a\000t\000h}{section.11}% 37
\BOOKMARK [2][-]{subsection.11.2}{\376\377\000A\000l\000g\000o\000r\000i\000t\000h\000m}{section.11}% 38
\BOOKMARK [1][-]{section.12}{\376\377\000G\000r\000a\000p\000h\000S\000A\000G\000E\000:\000\040\000I\000n\000d\000u\000c\000t\000i\000v\000e\000\040\000R\000e\000p\000r\000e\000s\000e\000n\000t\000a\000t\000i\000o\000n\000\040\000L\000e\000a\000r\000n\000i\000n\000g\000\040\000o\000n\000\040\000G\000r\000a\000p\000h}{}% 39
\BOOKMARK [2][-]{subsection.12.1}{\376\377\000E\000m\000b\000e\000d\000d\000i\000n\000g\000\040\000G\000e\000n\000e\000r\000a\000t\000i\000o\000n\000/\000F\000P}{section.12}% 40
\BOOKMARK [2][-]{subsection.12.2}{\376\377\000A\000g\000g\000r\000a\000g\000a\000t\000o\000r\000\040\000S\000e\000l\000e\000c\000t\000i\000o\000n}{section.12}% 41
\BOOKMARK [1][-]{section.13}{\376\377\000S\000G\000C\000:\000\040\000S\000i\000m\000p\000l\000i\000f\000i\000e\000d\000\040\000G\000r\000a\000p\000h\000\040\000C\000o\000n\000v\000o\000l\000u\000t\000i\000o\000n}{}% 42
\BOOKMARK [1][-]{section.14}{\376\377\000F\000a\000s\000t\000G\000C\000N}{}% 43
\BOOKMARK [2][-]{subsection.14.1}{\376\377\000M\000e\000t\000h\000o\000d}{section.14}% 44
\BOOKMARK [2][-]{subsection.14.2}{\376\377\000V\000a\000r\000i\000a\000n\000c\000e\000\040\000R\000e\000d\000u\000c\000t\000i\000o\000n}{section.14}% 45
\BOOKMARK [1][-]{section.15}{\376\377\000G\000W\000N\000N\000:\000\040\000W\000a\000v\000e\000l\000e\000t\000\040\000T\000r\000a\000n\000s\000f\000o\000r\000m\000\040\000o\000n\000\040\000G\000r\000a\000p\000h}{}% 46
\BOOKMARK [2][-]{subsection.15.1}{\376\377\000S\000u\000p\000p\000l\000e\000m\000e\000n\000t\000a\000r\000y\000\040\000M\000a\000t\000h\000:\000\040\000R\000e\000a\000l\000\040\000a\000n\000d\000\040\000C\000o\000m\000p\000l\000e\000x\000\040\000W\000a\000v\000e\000l\000e\000t\000s}{section.15}% 47
\BOOKMARK [2][-]{subsection.15.2}{\376\377\000G\000r\000a\000p\000h\000\040\000W\000a\000v\000e\000l\000e\000t\000s}{section.15}% 48
\BOOKMARK [2][-]{subsection.15.3}{\376\377\000G\000W\000N\000N}{section.15}% 49
\BOOKMARK [3][-]{subsubsection.15.3.1}{\376\377\000D\000e\000t\000a\000i\000l\000s}{subsection.15.3}% 50
\BOOKMARK [1][-]{section.16}{\376\377\000G\000r\000a\000p\000h\000\040\000W\000a\000v\000e\000l\000e\000t\000s}{}% 51
\BOOKMARK [2][-]{subsection.16.1}{\376\377\176\317\121\170\134\017\154\342\123\330\143\142\000/\000C\000W\000T}{section.16}% 52
\BOOKMARK [2][-]{subsection.16.2}{\376\377\214\061\134\017\154\342\123\330\143\142\000/\000S\000G\000W\000T}{section.16}% 53
\BOOKMARK [3][-]{subsubsection.16.2.1}{\376\377\000S\000c\000a\000l\000i\000n\000g\000\040\000F\000u\000n\000c\000t\000i\000o\000n\000s}{subsection.16.2}% 54
\BOOKMARK [2][-]{subsection.16.3}{\376\377\000S\000G\000W\000T\166\204\140\047\215\050}{section.16}% 55
\BOOKMARK [3][-]{subsubsection.16.3.1}{\376\377\000I\000n\000v\000e\000r\000s\000e\000\040\000S\000G\000W\000T}{subsection.16.3}% 56
\BOOKMARK [3][-]{subsubsection.16.3.2}{\376\377\134\100\127\337\140\047}{subsection.16.3}% 57
\BOOKMARK [3][-]{subsubsection.16.3.3}{\376\377\000S\000p\000e\000c\000t\000r\000a\000l\000\040\000W\000a\000v\000e\000l\000e\000t\000\040\000F\000r\000a\000m\000e\000s}{subsection.16.3}% 58
\BOOKMARK [2][-]{subsection.16.4}{\376\377\000F\000a\000s\000t\000\040\000S\000G\000W\000T\000\040\000A\000p\000p\000r\000o\000x\000i\000m\000a\000t\000i\000o\000n\000\040\000b\000y\000\040\000P\000o\000l\000y\000n\000o\000m\000i\000a\000l\000s}{section.16}% 59
\BOOKMARK [3][-]{subsubsection.16.4.1}{\376\377\000F\000a\000s\000t\000\040\000A\000p\000p\000r\000o\000x\000i\000m\000a\000t\000i\000o\000n\000\040\000o\000f\000\040\000A\000d\000j\000o\000i\000n\000t}{subsection.16.4}% 60
\BOOKMARK [3][-]{subsubsection.16.4.2}{\376\377\000I\000n\000v\000e\000r\000s\000e\000\040\000C\000a\000l\000c\000u\000l\000a\000t\000i\000o\000n}{subsection.16.4}% 61
\BOOKMARK [2][-]{subsection.16.5}{\376\377\000I\000m\000p\000l\000e\000m\000e\000n\000t\000a\000t\000i\000o\000n\000s\000\040\000a\000n\000d\000\040\000D\000e\000t\000a\000i\000l\000s}{section.16}% 62
\BOOKMARK [1][-]{section.17}{\376\377\000G\000M\000N\000N\000:\000\040\000G\000r\000a\000p\000h\000\040\000M\000a\000r\000k\000o\000v\000\040\000N\000e\000u\000r\000a\000l\000\040\000N\000e\000t\000w\000o\000r\000k}{}% 63
\BOOKMARK [2][-]{subsection.17.1}{\376\377\000P\000s\000e\000d\000o\000l\000i\000k\000e\000l\000i\000h\000o\000o\000d\000\040\000V\000a\000r\000i\000a\000i\000o\000n\000a\000l\000\040\000E\000M}{section.17}% 64
\BOOKMARK [2][-]{subsection.17.2}{\376\377\000I\000n\000f\000e\000r\000e\000n\000c\000e}{section.17}% 65
\BOOKMARK [2][-]{subsection.17.3}{\376\377\000L\000e\000a\000r\000n\000i\000n\000g}{section.17}% 66
\BOOKMARK [2][-]{subsection.17.4}{\376\377\000O\000p\000t\000i\000m\000i\000z\000a\000t\000i\000o\000n}{section.17}% 67
\BOOKMARK [1][-]{section.18}{\376\377\000C\000l\000u\000s\000t\000e\000r\000G\000C\000N\000:\000\040\000F\000a\000s\000t\000\040\000D\000e\000e\000p\000\040\000\046\000\040\000L\000a\000r\000g\000e\000\040\000G\000C\000N\000s}{}% 68
\BOOKMARK [2][-]{subsection.18.1}{\376\377\000V\000a\000n\000i\000l\000l\000a\000\040\000C\000l\000u\000s\000t\000e\000r\000G\000C\000N\000:\000\040\000C\000l\000u\000s\000t\000e\000r\000\040\000F\000o\000r\000\040\000B\000a\000t\000c\000h}{section.18}% 69
\BOOKMARK [2][-]{subsection.18.2}{\376\377\000S\000t\000o\000c\000h\000a\000s\000t\000i\000c\000\040\000M\000u\000l\000t\000i\000p\000l\000e\000\040\000P\000a\000r\000t\000i\000t\000i\000o\000n\000s}{section.18}% 70
\BOOKMARK [2][-]{subsection.18.3}{\376\377\000A\000n\000a\000l\000y\000s\000i\000s\000\040\000o\000f\000\040\000D\000e\000e\000p\000e\000r\000\040\000N\000e\000t\000w\000o\000r\000k\000s}{section.18}% 71
\BOOKMARK [1][-]{section.19}{\376\377\000G\000A\000T\000:\000\040\000G\000r\000a\000p\000h\000\040\000A\000t\000t\000e\000n\000t\000i\000o\000n\000\040\000N\000e\000t\000w\000o\000r\000k}{}% 72
\BOOKMARK [1][-]{section.20}{\376\377\000N\000o\000t\000e\000\040\000o\000n\000\040\000P\000r\000o\000b\000a\000l\000i\000s\000t\000i\000c\000\040\000G\000r\000a\000p\000h\000i\000c\000a\000l\000\040\000M\000o\000d\000e\000l\000s}{}% 73
\BOOKMARK [2][-]{subsection.20.1}{\376\377\000B\000a\000y\000e\000s\000i\000a\000n\000\040\000N\000e\000t\000w\000o\000r\000k\000s}{section.20}% 74
\BOOKMARK [2][-]{subsection.20.2}{\376\377\000U\000n\000d\000i\000r\000e\000c\000t\000e\000d\000\040\000N\000e\000t\000w\000o\000r\000k\000s}{section.20}% 75
\BOOKMARK [2][-]{subsection.20.3}{\376\377\000L\000o\000c\000a\000l\000\040\000P\000r\000o\000b\000a\000b\000l\000i\000s\000t\000i\000c\000\040\000M\000o\000d\000e\000l\000s\000\040\000|\000\040\000i\000.\000e\000.\000\040\000S\000p\000e\000c\000i\000f\000i\000c\000\040\000M\000o\000d\000e\000l\000s\000\040\000C\000o\000r\000r\000e\000s\000p\000o\000n\000d\000s\000\040\000t\000o\000\040\000L\000a\000s\000t\000\040\0002\000\040\000S\000e\000c\000t\000i\000o\000n\000s}{section.20}% 76
\BOOKMARK [2][-]{subsection.20.4}{\376\377\000T\000e\000m\000p\000o\000r\000a\000l\000\040\000M\000o\000d\000e\000l\000s}{section.20}% 77
\BOOKMARK [1][-]{section.21}{\376\377\000R\000S\000C\000N\000N\000\050\000C\000V\000P\000R\000\040\0001\0009\000'\000\051}{}% 78
\BOOKMARK [2][-]{subsection.21.1}{\376\377\000A\000r\000c\000h\000i\000t\000e\000c\000t\000u\000r\000e}{section.21}% 79
\BOOKMARK [2][-]{subsection.21.2}{\376\377\000D\000e\000t\000a\000i\000l\000s\000\040\000\046\000\040\000I\000m\000p\000l\000e\000m\000e\000n\000t\000a\000t\000i\000o\000n}{section.21}% 80
\BOOKMARK [1][-]{section.22}{\376\377\000S\000i\000m\000p\000l\000e\000V\000i\000e\000w\000\050\000I\000C\000L\000R\000\040\0002\0001\000'\000\040\000C\000a\000n\000d\000i\000d\000a\000t\000e\000\051}{}% 81
\BOOKMARK [2][-]{subsection.22.1}{\376\377\000S\000i\000m\000p\000l\000e\000\040\000R\000e\000v\000i\000e\000w\000\040\000o\000f\000\040\000E\000x\000i\000s\000t\000i\000n\000g\000\040\000P\000r\000o\000t\000o\000c\000o\000l\000s}{section.22}% 82
\BOOKMARK [2][-]{subsection.22.2}{\376\377\000M\000o\000d\000e\000l\000:\000\040\000S\000i\000m\000p\000l\000e\000V\000i\000e\000w}{section.22}% 83
\BOOKMARK [1][-]{section.23}{\376\377\000O\000T\000-\000F\000l\000o\000w}{}% 84
\BOOKMARK [2][-]{subsection.23.1}{\376\377\000I\000d\000e\000a\000\040\000\046\000\040\000F\000o\000r\000m\000u\000l\000a\000t\000i\000o\000n\000s}{section.23}% 85
\BOOKMARK [2][-]{subsection.23.2}{\376\377\000P\000a\000r\000a\000m\000e\000t\000r\000i\000z\000a\000t\000i\000o\000n\000\040\000o\000f\000\040\000M\000o\000d\000e\000l}{section.23}% 86
\BOOKMARK [2][-]{subsection.23.3}{\376\377\000E\000x\000a\000c\000t\000\040\000H\000e\000s\000s\000i\000a\000n\000\040\000o\000f\000\040\000M\000u\000l\000t\000i\000l\000a\000y\000e\000r\000\040\000N\000N}{section.23}% 87
\BOOKMARK [1][-]{section.24}{\376\377\000N\000o\000d\000e\0002\000v\000e\000c\000:\000\040\000U\000n\000s\000u\000p\000e\000r\000v\000i\000s\000e\000d\000\040\000F\000e\000a\000t\000u\000r\000e\000\040\000L\000e\000a\000r\000n\000i\000n\000g}{}% 88
\BOOKMARK [2][-]{subsection.24.1}{\376\377\000B\000a\000s\000i\000c\000s}{section.24}% 89
\BOOKMARK [2][-]{subsection.24.2}{\376\377\000B\000i\000a\000s\000e\000d\000\040\000R\000a\000n\000d\000o\000m\000\040\000W\000a\000l\000k}{section.24}% 90
\BOOKMARK [2][-]{subsection.24.3}{\376\377\000E\000d\000g\000e\000\040\000F\000e\000a\000t\000u\000r\000e}{section.24}% 91
\BOOKMARK [1][-]{section.25}{\376\377\000D\000e\000e\000p\000W\000a\000l\000k\000:\000\040\000O\000n\000l\000i\000n\000e\000\040\000R\000e\000p\000r\000e\000s\000e\000n\000t\000a\000t\000i\000o\000n\000\040\000L\000e\000a\000r\000n\000i\000n\000g}{}% 92
\BOOKMARK [2][-]{subsection.25.1}{\376\377\000D\000e\000e\000p\000W\000a\000l\000k}{section.25}% 93
\BOOKMARK [2][-]{subsection.25.2}{\376\377\000S\000k\000i\000p\000G\000r\000a\000m}{section.25}% 94
\BOOKMARK [2][-]{subsection.25.3}{\376\377\000H\000i\000e\000r\000a\000c\000h\000i\000c\000h\000a\000l\000\040\000S\000o\000f\000t\000m\000a\000x}{section.25}% 95
\BOOKMARK [2][-]{subsection.25.4}{\376\377\000P\000a\000r\000a\000l\000l\000e\000l\000i\000z\000a\000t\000i\000o\000n}{section.25}% 96
\BOOKMARK [2][-]{subsection.25.5}{\376\377\000V\000a\000r\000i\000a\000n\000t\000s}{section.25}% 97
\BOOKMARK [1][-]{section.26}{\376\377\000D\000A\000G\000N\000N\000:\000\040\000T\000o\000w\000a\000r\000d\000s\000\040\000D\000e\000e\000p\000e\000r\000\040\000G\000N\000N}{}% 98
\BOOKMARK [2][-]{subsection.26.1}{\376\377\000S\000m\000o\000o\000t\000h\000n\000e\000s\000s\000\040\000M\000e\000t\000r\000i\000c\000s}{section.26}% 99
\BOOKMARK [2][-]{subsection.26.2}{\376\377\000C\000o\000n\000v\000e\000r\000g\000e\000n\000c\000e\000\040\000o\000f\000\040\000P\000r\000o\000p\000a\000g\000a\000t\000i\000o\000n}{section.26}% 100
\BOOKMARK [2][-]{subsection.26.3}{\376\377\000D\000A\000G\000N\000N\000:\000\040\000D\000e\000e\000p\000\040\000A\000d\000a\000p\000t\000i\000v\000e\000\040\000G\000N\000N}{section.26}% 101
\BOOKMARK [1][-]{section.27}{\376\377\000t\000-\000S\000N\000E\000\050\000t\000-\000D\000i\000s\000t\000r\000i\000b\000u\000t\000e\000d\000\040\000S\000t\000o\000c\000h\000a\000s\000t\000i\000c\000\040\000N\000e\000i\000g\000h\000b\000o\000r\000\040\000E\000m\000b\000e\000d\000d\000i\000n\000g\000\051}{}% 102
\BOOKMARK [2][-]{subsection.27.1}{\376\377\000S\000N\000E}{section.27}% 103
\BOOKMARK [2][-]{subsection.27.2}{\376\377\000U\000N\000I\000-\000S\000N\000E}{section.27}% 104
\BOOKMARK [2][-]{subsection.27.3}{\376\377\000t\000-\000S\000N\000E}{section.27}% 105
\BOOKMARK [2][-]{subsection.27.4}{\376\377\000B\000a\000r\000n\000e\000s\000-\000H\000u\000t\000-\000S\000N\000E}{section.27}% 106
\BOOKMARK [3][-]{subsubsection.27.4.1}{\376\377\000A\000p\000p\000r\000o\000x\000i\000m\000a\000t\000i\000n\000g\000\040\000I\000n\000p\000u\000t\000\040\000S\000i\000m\000u\000l\000a\000r\000i\000t\000i\000e\000s\000\040\000b\000y\000\040\000V\000a\000n\000t\000a\000g\000e\000-\000p\000o\000i\000n\000t\000\040\000T\000r\000e\000e}{subsection.27.4}% 107
\BOOKMARK [3][-]{subsubsection.27.4.2}{\376\377\000A\000p\000p\000r\000o\000x\000i\000m\000a\000t\000i\000n\000g\000\040\000t\000-\000S\000N\000E\000\040\000G\000r\000a\000d\000i\000e\000n\000t\000s}{subsection.27.4}% 108
\BOOKMARK [1][-]{section.28}{\376\377\000A\000u\000t\000o\000r\000e\000g\000r\000e\000s\000s\000i\000v\000e\000\040\000F\000l\000o\000w\000s}{}% 109
\BOOKMARK [2][-]{subsection.28.1}{\376\377\000A\000u\000t\000o\000r\000e\000g\000r\000e\000s\000s\000i\000v\000e\000\040\000T\000r\000a\000n\000s\000f\000o\000r\000m\000a\000t\000i\000o\000n}{section.28}% 110
\BOOKMARK [2][-]{subsection.28.2}{\376\377\000M\000A\000F\000:\000\040\000M\000a\000s\000k\000e\000d\000\040\000A\000u\000t\000o\000r\000e\000g\000r\000e\000s\000s\000i\000v\000e\000\040\000F\000l\000o\000w}{section.28}% 111
\BOOKMARK [2][-]{subsection.28.3}{\376\377\000I\000A\000F\000:\000\040\000I\000n\000v\000e\000r\000s\000e\000\040\000A\000u\000t\000o\000r\000e\000g\000r\000e\000s\000s\000i\000v\000e\000\040\000F\000l\000o\000w}{section.28}% 112
\BOOKMARK [2][-]{subsection.28.4}{\376\377\000S\000y\000l\000v\000e\000s\000t\000e\000r\000\040\000N\000F\000\050\000U\000A\000I\000\040\0001\0008\000'\000\051}{section.28}% 113
\BOOKMARK [3][-]{subsubsection.28.4.1}{\376\377\000I\000d\000e\000a}{subsection.28.4}% 114
\BOOKMARK [3][-]{subsubsection.28.4.2}{\376\377\000P\000a\000r\000a\000m\000e\000t\000r\000i\000z\000a\000t\000i\000o\000n\000\040\000o\000f\000\040\000A\000\040\000\046\000\040\000B}{subsection.28.4}% 115
\BOOKMARK [3][-]{subsubsection.28.4.3}{\376\377\000P\000r\000e\000s\000e\000r\000v\000i\000n\000g\000\040\000O\000r\000t\000h\000o\000g\000o\000n\000a\000l\000i\000t\000y\000\040\000o\000f\000\040\000Q}{subsection.28.4}% 116
